<!DOCTYPE html PUBLIC "-//W3C//DTD XHTML 1.1//EN" "https://www.w3.org/TR/xhtml11/DTD/xhtml11.dtd">
<html xmlns="https://www.w3.org/1999/xhtml">
<head>
<meta http-equiv="content-type" content="text/html; charset=UTF-8"/>
<title>TestNG Report</title>
<style type="text/css">table {margin-bottom:10px;border-collapse:collapse;empty-cells:show}th,td {border:1px solid #009;padding:.25em .5em}th {vertical-align:bottom}td {vertical-align:top}table a {font-weight:bold}.stripe td {background-color: #E6EBF9}.num {text-align:right}.passedodd td {background-color: #3F3}.passedeven td {background-color: #0A0}.skippedodd td {background-color: #DDD}.skippedeven td {background-color: #CCC}.failedodd td,.attn {background-color: #F33}.failedeven td,.stripe .attn {background-color: #D00}.stacktrace {white-space:pre;font-family:monospace}.totop {font-size:85%;text-align:center;border-bottom:2px solid #000}.invisible {display:none}</style>
</head>
<body>
<table>
<tr><th>Test</th><th># Passed</th><th># Skipped</th><th># Retried</th><th># Failed</th><th>Time (ms)</th><th>Included Groups</th><th>Excluded Groups</th></tr>
<tr><th colspan="8">API Test Suite</th></tr>
<tr><td><a href="#t0">Product API Tests</a></td><td class="num">8</td><td class="num">0</td><td class="num">0</td><td class="num attn">2</td><td class="num">5,928</td><td></td><td></td></tr>
</table>
<table id='summary'><thead><tr><th>Class</th><th>Method</th><th>Start</th><th>Time (ms)</th></tr></thead><tbody><tr><th colspan="4">API Test Suite</th></tr></tbody><tbody id="t0"><tr><th colspan="4">Product API Tests &#8212; failed</th></tr><tr class="failedeven"><td rowspan="2">tests.ProductAddTests</td><td><a href="#m0">testAddProduct</a></td><td rowspan="2">1754892587178</td><td rowspan="2">129</td></tr><tr class="failedeven"><td><a href="#m1">testAddProduct</a></td></tr><tr><th colspan="4">Product API Tests &#8212; passed</th></tr><tr class="passedeven"><td rowspan="3">tests.ProductAddTests</td><td><a href="#m2">testAddProduct</a></td><td rowspan="3">1754892586753</td><td rowspan="3">125</td></tr><tr class="passedeven"><td><a href="#m3">testAddProduct</a></td></tr><tr class="passedeven"><td><a href="#m4">testAddProduct</a></td></tr><tr class="passedodd"><td rowspan="1">tests.ProductDELETETest</td><td><a href="#m5">testDeleteProductById</a></td><td rowspan="1">1754892587883</td><td rowspan="1">113</td></tr><tr class="passedeven"><td rowspan="3">tests.ProductGETTests</td><td><a href="#m6">testViewAllProducts</a></td><td rowspan="1">1754892587315</td><td rowspan="1">199</td></tr><tr class="passedeven"><td><a href="#m7">testViewProductById</a></td><td rowspan="1">1754892587517</td><td rowspan="1">117</td></tr><tr class="passedeven"><td><a href="#m8">testViewProductByName</a></td><td rowspan="1">1754892587635</td><td rowspan="1">126</td></tr><tr class="passedodd"><td rowspan="1">tests.ProductPUTTest</td><td><a href="#m9">testUpdateProduct</a></td><td rowspan="1">1754892587766</td><td rowspan="1">114</td></tr></tbody>
</table>
<h2>Product API Tests</h2><h3 id="m0">tests.ProductAddTests#testAddProduct</h3><table class="result"><tr class="param"><th>Parameter #1</th></tr><tr class="param stripe"><td>{&quot;price&quot;:500,&quot;expectedStatus&quot;:400,&quot;productName&quot;:&quot;Keyboard&quot;,&quot;testCase&quot;:&quot;Negative - Missing ID&quot;}</td></tr><tr><th>Exception</th></tr><tr><td><div class="stacktrace">java.lang.AssertionError: 1 expectation failed.
Expected status code &lt;400&gt; but was &lt;200&gt;.

	at org.codehaus.groovy.runtime.callsite.ConstructorSite$ConstructorSiteNoUnwrapNoCoerce.callConstructor(ConstructorSite.java:105)
	at org.codehaus.groovy.runtime.callsite.AbstractCallSite.callConstructor(AbstractCallSite.java:277)
	at io.restassured.internal.ResponseSpecificationImpl$HamcrestAssertionClosure.validate(ResponseSpecificationImpl.groovy:493)
	at io.restassured.internal.ResponseSpecificationImpl$HamcrestAssertionClosure$validate$1.call(Unknown Source)
	at io.restassured.internal.ResponseSpecificationImpl.validateResponseIfRequired(ResponseSpecificationImpl.groovy:674)
	at org.codehaus.groovy.runtime.callsite.PlainObjectMetaMethodSite.doInvoke(PlainObjectMetaMethodSite.java:43)
	at org.codehaus.groovy.runtime.callsite.PogoMetaMethodSite$PogoCachedMethodSiteNoUnwrapNoCoerce.invoke(PogoMetaMethodSite.java:193)
	at org.codehaus.groovy.runtime.callsite.PogoMetaMethodSite.callCurrent(PogoMetaMethodSite.java:61)
	at org.codehaus.groovy.runtime.callsite.AbstractCallSite.callCurrent(AbstractCallSite.java:185)
	at io.restassured.internal.ResponseSpecificationImpl.statusCode(ResponseSpecificationImpl.groovy:126)
	at io.restassured.specification.ResponseSpecification$statusCode$0.callCurrent(Unknown Source)
	at io.restassured.internal.ResponseSpecificationImpl.statusCode(ResponseSpecificationImpl.groovy:134)
	at io.restassured.internal.ValidatableResponseOptionsImpl.statusCode(ValidatableResponseOptionsImpl.java:89)
	at io.restassured.internal.ValidatableResponseImpl.super$2$statusCode(ValidatableResponseImpl.groovy)
	at groovy.lang.MetaMethod.doMethodInvoke(MetaMethod.java:323)
	at groovy.lang.MetaClassImpl.invokeMethod(MetaClassImpl.java:1268)
	at org.codehaus.groovy.runtime.ScriptBytecodeAdapter.invokeMethodOnSuperN(ScriptBytecodeAdapter.java:144)
	at io.restassured.internal.ValidatableResponseImpl.statusCode(ValidatableResponseImpl.groovy:142)
	at io.restassured.internal.ValidatableResponseImpl.statusCode(ValidatableResponseImpl.groovy)
	at tests.ProductAddTests.testAddProduct(ProductAddTests.java:44)
	at java.base/java.util.ArrayList.forEach(ArrayList.java:1596)
... Removed 34 stack frames</div></td></tr></table><p class="totop"><a href="#summary">back to summary</a></p>
<h3 id="m1">tests.ProductAddTests#testAddProduct</h3><table class="result"><tr class="param"><th>Parameter #1</th></tr><tr class="param stripe"><td>{&quot;productId&quot;:104,&quot;price&quot;:2000,&quot;expectedStatus&quot;:400,&quot;testCase&quot;:&quot;Negative - Missing Product Name&quot;}</td></tr><tr><th>Exception</th></tr><tr><td><div class="stacktrace">java.lang.AssertionError: 1 expectation failed.
Expected status code &lt;400&gt; but was &lt;200&gt;.

	at org.codehaus.groovy.runtime.callsite.ConstructorSite$ConstructorSiteNoUnwrapNoCoerce.callConstructor(ConstructorSite.java:105)
	at org.codehaus.groovy.runtime.callsite.CallSiteArray.defaultCallConstructor(CallSiteArray.java:59)
	at org.codehaus.groovy.runtime.callsite.AbstractCallSite.callConstructor(AbstractCallSite.java:263)
	at org.codehaus.groovy.runtime.callsite.AbstractCallSite.callConstructor(AbstractCallSite.java:277)
	at io.restassured.internal.ResponseSpecificationImpl$HamcrestAssertionClosure.validate(ResponseSpecificationImpl.groovy:493)
	at io.restassured.internal.ResponseSpecificationImpl$HamcrestAssertionClosure$validate$1.call(Unknown Source)
	at io.restassured.internal.ResponseSpecificationImpl.validateResponseIfRequired(ResponseSpecificationImpl.groovy:674)
	at org.codehaus.groovy.runtime.callsite.PlainObjectMetaMethodSite.doInvoke(PlainObjectMetaMethodSite.java:43)
	at org.codehaus.groovy.runtime.callsite.PogoMetaMethodSite$PogoCachedMethodSiteNoUnwrapNoCoerce.invoke(PogoMetaMethodSite.java:193)
	at org.codehaus.groovy.runtime.callsite.PogoMetaMethodSite.callCurrent(PogoMetaMethodSite.java:61)
	at org.codehaus.groovy.runtime.callsite.AbstractCallSite.callCurrent(AbstractCallSite.java:185)
	at io.restassured.internal.ResponseSpecificationImpl.statusCode(ResponseSpecificationImpl.groovy:126)
	at io.restassured.specification.ResponseSpecification$statusCode$0.callCurrent(Unknown Source)
	at io.restassured.internal.ResponseSpecificationImpl.statusCode(ResponseSpecificationImpl.groovy:134)
	at io.restassured.internal.ValidatableResponseOptionsImpl.statusCode(ValidatableResponseOptionsImpl.java:89)
	at io.restassured.internal.ValidatableResponseImpl.super$2$statusCode(ValidatableResponseImpl.groovy)
	at groovy.lang.MetaMethod.doMethodInvoke(MetaMethod.java:323)
	at groovy.lang.MetaClassImpl.invokeMethod(MetaClassImpl.java:1268)
	at org.codehaus.groovy.runtime.ScriptBytecodeAdapter.invokeMethodOnSuperN(ScriptBytecodeAdapter.java:144)
	at io.restassured.internal.ValidatableResponseImpl.statusCode(ValidatableResponseImpl.groovy:142)
	at io.restassured.internal.ValidatableResponseImpl.statusCode(ValidatableResponseImpl.groovy)
	at tests.ProductAddTests.testAddProduct(ProductAddTests.java:44)
	at java.base/java.util.ArrayList.forEach(ArrayList.java:1596)
... Removed 34 stack frames</div></td></tr></table><p class="totop"><a href="#summary">back to summary</a></p>
<h3 id="m2">tests.ProductAddTests#testAddProduct</h3><table class="result"><tr class="param"><th>Parameter #1</th></tr><tr class="param stripe"><td>{&quot;productId&quot;:102,&quot;price&quot;:25000,&quot;expectedStatus&quot;:200,&quot;productName&quot;:&quot;Mobile&quot;,&quot;testCase&quot;:&quot;Positive - Mobile&quot;}</td></tr></table><p class="totop"><a href="#summary">back to summary</a></p>
<h3 id="m3">tests.ProductAddTests#testAddProduct</h3><table class="result"><tr class="param"><th>Parameter #1</th></tr><tr class="param stripe"><td>{&quot;productId&quot;:101,&quot;price&quot;:75000,&quot;expectedStatus&quot;:200,&quot;productName&quot;:&quot;Laptop&quot;,&quot;testCase&quot;:&quot;Positive - Laptop&quot;}</td></tr></table><p class="totop"><a href="#summary">back to summary</a></p>
<h3 id="m4">tests.ProductAddTests#testAddProduct</h3><table class="result"><tr class="param"><th>Parameter #1</th></tr><tr class="param stripe"><td>{&quot;productId&quot;:103,&quot;price&quot;:5000,&quot;expectedStatus&quot;:200,&quot;productName&quot;:&quot;SmartWatch&quot;,&quot;testCase&quot;:&quot;Positive - SmartWatch&quot;}</td></tr></table><p class="totop"><a href="#summary">back to summary</a></p>
<h3 id="m5">tests.ProductDELETETest#testDeleteProductById</h3><table class="result"><tr><th class="invisible"/></tr></table><p class="totop"><a href="#summary">back to summary</a></p>
<h3 id="m6">tests.ProductGETTests#testViewAllProducts</h3><table class="result"><tr><th class="invisible"/></tr></table><p class="totop"><a href="#summary">back to summary</a></p>
<h3 id="m7">tests.ProductGETTests#testViewProductById</h3><table class="result"><tr><th class="invisible"/></tr></table><p class="totop"><a href="#summary">back to summary</a></p>
<h3 id="m8">tests.ProductGETTests#testViewProductByName</h3><table class="result"><tr><th class="invisible"/></tr></table><p class="totop"><a href="#summary">back to summary</a></p>
<h3 id="m9">tests.ProductPUTTest#testUpdateProduct</h3><table class="result"><tr><th class="invisible"/></tr></table><p class="totop"><a href="#summary">back to summary</a></p>
</body>
</html>
